This is XeTeX, Version 3.14159265-2.6-0.999992 (TeX Live 2020) (preloaded format=xelatex 2020.9.14)  18 SEP 2020 09:06
entering extended mode
 restricted \write18 enabled.
 %&-line parsing enabled.
**bookdown-demo.tex
(./bookdown-demo.tex
LaTeX2e <2020-02-02> patch level 5
L3 programming layer <2020-09-06> (/Users/priyangatalagala/Library/TinyTeX/texm
f-dist/tex/latex/base/book.cls
Document Class: book 2019/12/20 v1.4l Standard LaTeX document class
(/Users/priyangatalagala/Library/TinyTeX/texmf-dist/tex/latex/base/bk10.clo
File: bk10.clo 2019/12/20 v1.4l Standard LaTeX file (size option)
)
\c@part=\count164
\c@chapter=\count165
\c@section=\count166
\c@subsection=\count167
\c@subsubsection=\count168
\c@paragraph=\count169
\c@subparagraph=\count170
\c@figure=\count171
\c@table=\count172
\abovecaptionskip=\skip47
\belowcaptionskip=\skip48
\bibindent=\dimen134
) (/Users/priyangatalagala/Library/TinyTeX/texmf-dist/tex/latex/lm/lmodern.sty
Package: lmodern 2009/10/30 v1.6 Latin Modern Fonts
LaTeX Font Info:    Overwriting symbol font `operators' in version `normal'
(Font)                  OT1/cmr/m/n --> OT1/lmr/m/n on input line 22.
LaTeX Font Info:    Overwriting symbol font `letters' in version `normal'
(Font)                  OML/cmm/m/it --> OML/lmm/m/it on input line 23.
LaTeX Font Info:    Overwriting symbol font `symbols' in version `normal'
(Font)                  OMS/cmsy/m/n --> OMS/lmsy/m/n on input line 24.
LaTeX Font Info:    Overwriting symbol font `largesymbols' in version `normal'
(Font)                  OMX/cmex/m/n --> OMX/lmex/m/n on input line 25.
LaTeX Font Info:    Overwriting symbol font `operators' in version `bold'
(Font)                  OT1/cmr/bx/n --> OT1/lmr/bx/n on input line 26.
LaTeX Font Info:    Overwriting symbol font `letters' in version `bold'
(Font)                  OML/cmm/b/it --> OML/lmm/b/it on input line 27.
LaTeX Font Info:    Overwriting symbol font `symbols' in version `bold'
(Font)                  OMS/cmsy/b/n --> OMS/lmsy/b/n on input line 28.
LaTeX Font Info:    Overwriting symbol font `largesymbols' in version `bold'
(Font)                  OMX/cmex/m/n --> OMX/lmex/m/n on input line 29.
LaTeX Font Info:    Overwriting math alphabet `\mathbf' in version `normal'
(Font)                  OT1/cmr/bx/n --> OT1/lmr/bx/n on input line 31.
LaTeX Font Info:    Overwriting math alphabet `\mathsf' in version `normal'
(Font)                  OT1/cmss/m/n --> OT1/lmss/m/n on input line 32.
LaTeX Font Info:    Overwriting math alphabet `\mathit' in version `normal'
(Font)                  OT1/cmr/m/it --> OT1/lmr/m/it on input line 33.
LaTeX Font Info:    Overwriting math alphabet `\mathtt' in version `normal'
(Font)                  OT1/cmtt/m/n --> OT1/lmtt/m/n on input line 34.
LaTeX Font Info:    Overwriting math alphabet `\mathbf' in version `bold'
(Font)                  OT1/cmr/bx/n --> OT1/lmr/bx/n on input line 35.
LaTeX Font Info:    Overwriting math alphabet `\mathsf' in version `bold'
(Font)                  OT1/cmss/bx/n --> OT1/lmss/bx/n on input line 36.
LaTeX Font Info:    Overwriting math alphabet `\mathit' in version `bold'
(Font)                  OT1/cmr/bx/it --> OT1/lmr/bx/it on input line 37.
LaTeX Font Info:    Overwriting math alphabet `\mathtt' in version `bold'
(Font)                  OT1/cmtt/m/n --> OT1/lmtt/m/n on input line 38.
)
(/Users/priyangatalagala/Library/TinyTeX/texmf-dist/tex/latex/amsfonts/amssymb.
sty
Package: amssymb 2013/01/14 v3.01 AMS font symbols

(/Users/priyangatalagala/Library/TinyTeX/texmf-dist/tex/latex/amsfonts/amsfonts
.sty
Package: amsfonts 2013/01/14 v3.01 Basic AMSFonts support
\@emptytoks=\toks15
\symAMSa=\mathgroup4
\symAMSb=\mathgroup5
LaTeX Font Info:    Redeclaring math symbol \hbar on input line 98.
LaTeX Font Info:    Overwriting math alphabet `\mathfrak' in version `bold'
(Font)                  U/euf/m/n --> U/euf/b/n on input line 106.
))
(/Users/priyangatalagala/Library/TinyTeX/texmf-dist/tex/latex/amsmath/amsmath.s
ty
Package: amsmath 2020/01/20 v2.17e AMS math features
\@mathmargin=\skip49
For additional information on amsmath, use the `?' option.

(/Users/priyangatalagala/Library/TinyTeX/texmf-dist/tex/latex/amsmath/amstext.s
ty
Package: amstext 2000/06/29 v2.01 AMS text

(/Users/priyangatalagala/Library/TinyTeX/texmf-dist/tex/latex/amsmath/amsgen.st
y
File: amsgen.sty 1999/11/30 v2.0 generic functions
\@emptytoks=\toks16
\ex@=\dimen135
))
(/Users/priyangatalagala/Library/TinyTeX/texmf-dist/tex/latex/amsmath/amsbsy.st
y
Package: amsbsy 1999/11/29 v1.2d Bold Symbols
\pmbraise@=\dimen136
)
(/Users/priyangatalagala/Library/TinyTeX/texmf-dist/tex/latex/amsmath/amsopn.st
y
Package: amsopn 2016/03/08 v2.02 operator names
)
\inf@bad=\count173
LaTeX Info: Redefining \frac on input line 227.
\uproot@=\count174
\leftroot@=\count175
LaTeX Info: Redefining \overline on input line 389.
\classnum@=\count176
\DOTSCASE@=\count177
LaTeX Info: Redefining \ldots on input line 486.
LaTeX Info: Redefining \dots on input line 489.
LaTeX Info: Redefining \cdots on input line 610.
\Mathstrutbox@=\box45
\strutbox@=\box46
\big@size=\dimen137
LaTeX Font Info:    Redeclaring font encoding OML on input line 733.
LaTeX Font Info:    Redeclaring font encoding OMS on input line 734.
\macc@depth=\count178
\c@MaxMatrixCols=\count179
\dotsspace@=\muskip16
\c@parentequation=\count180
\dspbrk@lvl=\count181
\tag@help=\toks17
\row@=\count182
\column@=\count183
\maxfields@=\count184
\andhelp@=\toks18
\eqnshift@=\dimen138
\alignsep@=\dimen139
\tagshift@=\dimen140
\tagwidth@=\dimen141
\totwidth@=\dimen142
\lineht@=\dimen143
\@envbody=\toks19
\multlinegap=\skip50
\multlinetaggap=\skip51
\mathdisplay@stack=\toks20
LaTeX Info: Redefining \[ on input line 2859.
LaTeX Info: Redefining \] on input line 2860.
)
(/Users/priyangatalagala/Library/TinyTeX/texmf-dist/tex/generic/iftex/ifxetex.s
ty
Package: ifxetex 2019/10/25 v0.7 ifxetex legacy package. Use iftex instead.

(/Users/priyangatalagala/Library/TinyTeX/texmf-dist/tex/generic/iftex/iftex.sty
Package: iftex 2020/03/06 v1.0d TeX engine tests
))
(/Users/priyangatalagala/Library/TinyTeX/texmf-dist/tex/generic/iftex/ifluatex.
sty
Package: ifluatex 2019/10/25 v1.5 ifluatex legacy package. Use iftex instead.
)
(/Users/priyangatalagala/Library/TinyTeX/texmf-dist/tex/latex/base/fixltx2e.sty
Package: fixltx2e 2016/12/29 v2.1a fixes to LaTeX (obsolete)
Applying: [2015/01/01] Old fixltx2e package on input line 46.

Package fixltx2e Warning: fixltx2e is not required with releases after 2015
(fixltx2e)                All fixes are now in the LaTeX kernel.
(fixltx2e)                See the latexrelease package for details.

Already applied: [0000/00/00] Old fixltx2e package on input line 53.
)
(/Users/priyangatalagala/Library/TinyTeX/texmf-dist/tex/latex/unicode-math/unic
ode-math.sty
(/Users/priyangatalagala/Library/TinyTeX/texmf-dist/tex/latex/l3kernel/expl3.st
y
Package: expl3 2020-09-06 L3 programming layer (loader) 

(/Users/priyangatalagala/Library/TinyTeX/texmf-dist/tex/latex/l3backend/l3backe
nd-xetex.def
File: l3backend-xetex.def 2020-09-11 L3 backend support: XeTeX
\g__graphics_track_int=\count185
\l__pdf_internal_box=\box47
\g__pdf_backend_object_int=\count186
\g__pdf_backend_annotation_int=\count187
))
Package: unicode-math 2020/01/31 v0.8q Unicode maths in XeLaTeX and LuaLaTeX

(/Users/priyangatalagala/Library/TinyTeX/texmf-dist/tex/latex/unicode-math/unic
ode-math-xetex.sty
Package: unicode-math-xetex 2020/01/31 v0.8q Unicode maths in XeLaTeX and LuaLa
TeX

(/Users/priyangatalagala/Library/TinyTeX/texmf-dist/tex/latex/l3packages/xparse
/xparse.sty
Package: xparse 2020-05-15 L3 Experimental document command parser

(/Users/priyangatalagala/Library/TinyTeX/texmf-dist/tex/latex/l3packages/xparse
/xparse-generic.tex
\l__xparse_current_arg_int=\count188
\g__xparse_grabber_int=\count189
\l__xparse_m_args_int=\count190
\l__xparse_v_nesting_int=\count191
))
(/Users/priyangatalagala/Library/TinyTeX/texmf-dist/tex/latex/l3packages/l3keys
2e/l3keys2e.sty
Package: l3keys2e 2020-05-15 LaTeX2e option processing using LaTeX3 keys
)
(/Users/priyangatalagala/Library/TinyTeX/texmf-dist/tex/latex/fontspec/fontspec
.sty
Package: fontspec 2020/02/21 v2.7i Font selection for XeLaTeX and LuaLaTeX

(/Users/priyangatalagala/Library/TinyTeX/texmf-dist/tex/latex/fontspec/fontspec
-xetex.sty
Package: fontspec-xetex 2020/02/21 v2.7i Font selection for XeLaTeX and LuaLaTe
X
\l__fontspec_script_int=\count192
\l__fontspec_language_int=\count193
\l__fontspec_strnum_int=\count194
\l__fontspec_tmp_int=\count195
\l__fontspec_tmpa_int=\count196
\l__fontspec_tmpb_int=\count197
\l__fontspec_tmpc_int=\count198
\l__fontspec_em_int=\count199
\l__fontspec_emdef_int=\count266
\l__fontspec_strong_int=\count267
\l__fontspec_strongdef_int=\count268
\l__fontspec_tmpa_dim=\dimen144
\l__fontspec_tmpb_dim=\dimen145
\l__fontspec_tmpc_dim=\dimen146
(/Users/priyangatalagala/Library/TinyTeX/texmf-dist/tex/latex/base/fontenc.sty
Package: fontenc 2020/02/11 v2.0o Standard LaTeX package
)
(/Users/priyangatalagala/Library/TinyTeX/texmf-dist/tex/latex/fontspec/fontspec
.cfg))) (/Users/priyangatalagala/Library/TinyTeX/texmf-dist/tex/latex/base/fix-
cm.sty
Package: fix-cm 2015/01/14 v1.1t fixes to LaTeX
(/Users/priyangatalagala/Library/TinyTeX/texmf-dist/tex/latex/base/ts1enc.def
File: ts1enc.def 2001/06/05 v3.0e (jk/car/fm) Standard LaTeX file
LaTeX Font Info:    Redeclaring font encoding TS1 on input line 47.
))
\g__um_fam_int=\count269
\g__um_fonts_used_int=\count270
\l__um_primecount_int=\count271
\g__um_primekern_muskip=\muskip17

(/Users/priyangatalagala/Library/TinyTeX/texmf-dist/tex/latex/unicode-math/unic
ode-math-table.tex)))
(/Users/priyangatalagala/Library/TinyTeX/texmf-dist/tex/latex/microtype/microty
pe.sty
Package: microtype 2019/11/18 v2.7d Micro-typographical refinements (RS)

(/Users/priyangatalagala/Library/TinyTeX/texmf-dist/tex/latex/graphics/keyval.s
ty
Package: keyval 2014/10/28 v1.15 key=value parser (DPC)
\KV@toks@=\toks21
)
\MT@toks=\toks22
\MT@count=\count272
LaTeX Info: Redefining \textls on input line 790.
\MT@outer@kern=\dimen147
LaTeX Info: Redefining \textmicrotypecontext on input line 1354.
\MT@listname@count=\count273

(/Users/priyangatalagala/Library/TinyTeX/texmf-dist/tex/latex/microtype/microty
pe-xetex.def
File: microtype-xetex.def 2019/11/18 v2.7d Definitions specific to xetex (RS)
LaTeX Info: Redefining \lsstyle on input line 258.
)
Package microtype Info: Loading configuration file microtype.cfg.

(/Users/priyangatalagala/Library/TinyTeX/texmf-dist/tex/latex/microtype/microty
pe.cfg
File: microtype.cfg 2019/11/18 v2.7d microtype main configuration file (RS)
))
(/Users/priyangatalagala/Library/TinyTeX/texmf-dist/tex/latex/hyperref/hyperref
.sty
Package: hyperref 2020-05-15 v7.00e Hypertext links for LaTeX

(/Users/priyangatalagala/Library/TinyTeX/texmf-dist/tex/generic/ltxcmds/ltxcmds
.sty
Package: ltxcmds 2019/12/15 v1.24 LaTeX kernel commands for general use (HO)
)
(/Users/priyangatalagala/Library/TinyTeX/texmf-dist/tex/generic/pdftexcmds/pdft
excmds.sty
Package: pdftexcmds 2020-06-27 v0.33 Utility functions of pdfTeX for LuaTeX (HO
)

(/Users/priyangatalagala/Library/TinyTeX/texmf-dist/tex/generic/infwarerr/infwa
rerr.sty
Package: infwarerr 2019/12/03 v1.5 Providing info/warning/error messages (HO)
)
Package pdftexcmds Info: \pdf@primitive is available.
Package pdftexcmds Info: \pdf@ifprimitive is available.
Package pdftexcmds Info: \pdfdraftmode not found.
)
(/Users/priyangatalagala/Library/TinyTeX/texmf-dist/tex/generic/kvsetkeys/kvset
keys.sty
Package: kvsetkeys 2019/12/15 v1.18 Key value parser (HO)
)
(/Users/priyangatalagala/Library/TinyTeX/texmf-dist/tex/generic/kvdefinekeys/kv
definekeys.sty
Package: kvdefinekeys 2019-12-19 v1.6 Define keys (HO)
)
(/Users/priyangatalagala/Library/TinyTeX/texmf-dist/tex/generic/pdfescape/pdfes
cape.sty
Package: pdfescape 2019/12/09 v1.15 Implements pdfTeX's escape features (HO)
)
(/Users/priyangatalagala/Library/TinyTeX/texmf-dist/tex/latex/hycolor/hycolor.s
ty
Package: hycolor 2020-01-27 v1.10 Color options for hyperref/bookmark (HO)
)
(/Users/priyangatalagala/Library/TinyTeX/texmf-dist/tex/latex/letltxmacro/letlt
xmacro.sty
Package: letltxmacro 2019/12/03 v1.6 Let assignment for LaTeX macros (HO)
)
(/Users/priyangatalagala/Library/TinyTeX/texmf-dist/tex/latex/auxhook/auxhook.s
ty
Package: auxhook 2019-12-17 v1.6 Hooks for auxiliary files (HO)
)
(/Users/priyangatalagala/Library/TinyTeX/texmf-dist/tex/latex/kvoptions/kvoptio
ns.sty
Package: kvoptions 2019/11/29 v3.13 Key value format for package options (HO)
)
\@linkdim=\dimen148
\Hy@linkcounter=\count274
\Hy@pagecounter=\count275

(/Users/priyangatalagala/Library/TinyTeX/texmf-dist/tex/latex/hyperref/pd1enc.d
ef
File: pd1enc.def 2020-05-15 v7.00e Hyperref: PDFDocEncoding definition (HO)
)
(/Users/priyangatalagala/Library/TinyTeX/texmf-dist/tex/generic/intcalc/intcalc
.sty
Package: intcalc 2019/12/15 v1.3 Expandable calculations with integers (HO)
)
(/Users/priyangatalagala/Library/TinyTeX/texmf-dist/tex/generic/etexcmds/etexcm
ds.sty
Package: etexcmds 2019/12/15 v1.7 Avoid name clashes with e-TeX commands (HO)
)
\Hy@SavedSpaceFactor=\count276
Package hyperref Info: Option `unicode' set `true' on input line 4338.

(/Users/priyangatalagala/Library/TinyTeX/texmf-dist/tex/latex/hyperref/puenc.de
f
File: puenc.def 2020-05-15 v7.00e Hyperref: PDF Unicode definition (HO)
)
Package hyperref Info: Hyper figures OFF on input line 4464.
Package hyperref Info: Link nesting OFF on input line 4469.
Package hyperref Info: Hyper index ON on input line 4472.
Package hyperref Info: Plain pages OFF on input line 4479.
Package hyperref Info: Backreferencing OFF on input line 4484.
Package hyperref Info: Implicit mode ON; LaTeX internals redefined.
Package hyperref Info: Bookmarks ON on input line 4717.
\c@Hy@tempcnt=\count277
(/Users/priyangatalagala/Library/TinyTeX/texmf-dist/tex/latex/url/url.sty
\Urlmuskip=\muskip18
Package: url 2013/09/16  ver 3.4  Verb mode for urls, etc.
)
LaTeX Info: Redefining \url on input line 5076.
\XeTeXLinkMargin=\dimen149

(/Users/priyangatalagala/Library/TinyTeX/texmf-dist/tex/generic/bitset/bitset.s
ty
Package: bitset 2019/12/09 v1.3 Handle bit-vector datatype (HO)

(/Users/priyangatalagala/Library/TinyTeX/texmf-dist/tex/generic/bigintcalc/bigi
ntcalc.sty
Package: bigintcalc 2019/12/15 v1.5 Expandable calculations on big integers (HO
)
))
\Fld@menulength=\count278
\Field@Width=\dimen150
\Fld@charsize=\dimen151
Package hyperref Info: Hyper figures OFF on input line 6347.
Package hyperref Info: Link nesting OFF on input line 6352.
Package hyperref Info: Hyper index ON on input line 6355.
Package hyperref Info: backreferencing OFF on input line 6362.
Package hyperref Info: Link coloring OFF on input line 6367.
Package hyperref Info: Link coloring with OCG OFF on input line 6372.
Package hyperref Info: PDF/A mode OFF on input line 6377.
LaTeX Info: Redefining \ref on input line 6417.
LaTeX Info: Redefining \pageref on input line 6421.

(/Users/priyangatalagala/Library/TinyTeX/texmf-dist/tex/generic/atbegshi/atbegs
hi.sty
Package: atbegshi 2019/12/05 v1.19 At begin shipout hook (HO)
)
\Hy@abspage=\count279
\c@Item=\count280
\c@Hfootnote=\count281
)
Package hyperref Info: Driver (autodetected): hxetex.

(/Users/priyangatalagala/Library/TinyTeX/texmf-dist/tex/latex/hyperref/hxetex.d
ef
File: hxetex.def 2020-05-15 v7.00e Hyperref driver for XeTeX

(/Users/priyangatalagala/Library/TinyTeX/texmf-dist/tex/generic/stringenc/strin
genc.sty
Package: stringenc 2019/11/29 v1.12 Convert strings between diff. encodings (HO
)
)
\pdfm@box=\box48
\c@Hy@AnnotLevel=\count282
\HyField@AnnotCount=\count283
\Fld@listcount=\count284
\c@bookmark@seq@number=\count285

(/Users/priyangatalagala/Library/TinyTeX/texmf-dist/tex/latex/rerunfilecheck/re
runfilecheck.sty
Package: rerunfilecheck 2019/12/05 v1.9 Rerun checks for auxiliary files (HO)

(/Users/priyangatalagala/Library/TinyTeX/texmf-dist/tex/latex/atveryend/atverye
nd.sty
Package: atveryend 2019-12-11 v1.11 Hooks at the very end of document (HO)
Package atveryend Info: \enddocument detected (standard20110627).
)
(/Users/priyangatalagala/Library/TinyTeX/texmf-dist/tex/generic/uniquecounter/u
niquecounter.sty
Package: uniquecounter 2019/12/15 v1.4 Provide unlimited unique counter (HO)
)
Package uniquecounter Info: New unique counter `rerunfilecheck' on input line 2
86.
)
\Hy@SectionHShift=\skip52
)
Package hyperref Info: Option `breaklinks' set `true' on input line 35.

(/Users/priyangatalagala/Library/TinyTeX/texmf-dist/tex/latex/graphics/color.st
y
Package: color 2019/11/23 v1.2a Standard LaTeX Color (DPC)

(/Users/priyangatalagala/Library/TinyTeX/texmf-dist/tex/latex/graphics-cfg/colo
r.cfg
File: color.cfg 2016/01/02 v1.6 sample color configuration
)
Package color Info: Driver file: xetex.def on input line 147.

(/Users/priyangatalagala/Library/TinyTeX/texmf-dist/tex/latex/graphics-def/xete
x.def
File: xetex.def 2020/08/26 v5.0i Graphics/color driver for xetex
))
(/Users/priyangatalagala/Library/TinyTeX/texmf-dist/tex/latex/fancyvrb/fancyvrb
.sty
Package: fancyvrb 2020/05/03 v3.6 verbatim text (tvz,hv)
\FV@CodeLineNo=\count286
\FV@InFile=\read2
\FV@TabBox=\box49
\c@FancyVerbLine=\count287
\FV@StepNumber=\count288
\FV@OutFile=\write3
)
(/Users/priyangatalagala/Library/TinyTeX/texmf-dist/tex/latex/framed/framed.sty
Package: framed 2011/10/22 v 0.96: framed or shaded text with page breaks
\OuterFrameSep=\skip53
\fb@frw=\dimen152
\fb@frh=\dimen153
\FrameRule=\dimen154
\FrameSep=\dimen155
)
(/Users/priyangatalagala/Library/TinyTeX/texmf-dist/tex/latex/tools/longtable.s
ty
Package: longtable 2020/01/07 v4.13 Multi-page Table package (DPC)
\LTleft=\skip54
\LTright=\skip55
\LTpre=\skip56
\LTpost=\skip57
\LTchunksize=\count289
\LTcapwidth=\dimen156
\LT@head=\box50
\LT@firsthead=\box51
\LT@foot=\box52
\LT@lastfoot=\box53
\LT@cols=\count290
\LT@rows=\count291
\c@LT@tables=\count292
\c@LT@chunks=\count293
\LT@p@ftn=\toks23
)
(/Users/priyangatalagala/Library/TinyTeX/texmf-dist/tex/latex/booktabs/booktabs
.sty
Package: booktabs 2020/01/12 v1.61803398 Publication quality tables
\heavyrulewidth=\dimen157
\lightrulewidth=\dimen158
\cmidrulewidth=\dimen159
\belowrulesep=\dimen160
\belowbottomsep=\dimen161
\aboverulesep=\dimen162
\abovetopsep=\dimen163
\cmidrulesep=\dimen164
\cmidrulekern=\dimen165
\defaultaddspace=\dimen166
\@cmidla=\count294
\@cmidlb=\count295
\@aboverulesep=\dimen167
\@belowrulesep=\dimen168
\@thisruleclass=\count296
\@lastruleclass=\count297
\@thisrulewidth=\dimen169
)
(/Users/priyangatalagala/Library/TinyTeX/texmf-dist/tex/latex/mdwtools/footnote
.sty
Package: footnote 1997/01/28 1.13 Save footnotes around boxes
\fn@notes=\box54
\fn@width=\dimen170
)
(/Users/priyangatalagala/Library/TinyTeX/texmf-dist/tex/latex/graphics/graphicx
.sty
Package: graphicx 2019/11/30 v1.2a Enhanced LaTeX Graphics (DPC,SPQR)

(/Users/priyangatalagala/Library/TinyTeX/texmf-dist/tex/latex/graphics/graphics
.sty
Package: graphics 2019/11/30 v1.4a Standard LaTeX Graphics (DPC,SPQR)

(/Users/priyangatalagala/Library/TinyTeX/texmf-dist/tex/latex/graphics/trig.sty
Package: trig 2016/01/03 v1.10 sin cos tan (DPC)
)
(/Users/priyangatalagala/Library/TinyTeX/texmf-dist/tex/latex/graphics-cfg/grap
hics.cfg
File: graphics.cfg 2016/06/04 v1.11 sample graphics configuration
)
Package graphics Info: Driver file: xetex.def on input line 105.
)
\Gin@req@height=\dimen171
\Gin@req@width=\dimen172
)
(/Users/priyangatalagala/Library/TinyTeX/texmf-dist/tex/latex/grffile/grffile.s
ty
Package: grffile 2019/11/11 v2.1 Extended file name support for graphics (legac
y)
Package grffile Info: This package is an empty stub for compatibility on input 
line 40.
)
(/Users/priyangatalagala/Library/TinyTeX/texmf-dist/tex/latex/amscls/amsthm.sty
Package: amsthm 2020/05/29 v2.20.6
\thm@style=\toks24
\thm@bodyfont=\toks25
\thm@headfont=\toks26
\thm@notefont=\toks27
\thm@headpunct=\toks28
\thm@preskip=\skip58
\thm@postskip=\skip59
\thm@headsep=\skip60
\dth@everypar=\toks29
)
(/Users/priyangatalagala/Library/TinyTeX/texmf-dist/tex/latex/fancyhdr/fancyhdr
.sty
Package: fancyhdr 2019/01/31 v3.10 Extensive control of page headers and footer
s
\f@nch@headwidth=\skip61
\f@nch@O@elh=\skip62
\f@nch@O@erh=\skip63
\f@nch@O@olh=\skip64
\f@nch@O@orh=\skip65
\f@nch@O@elf=\skip66
\f@nch@O@erf=\skip67
\f@nch@O@olf=\skip68
\f@nch@O@orf=\skip69
)
(/Users/priyangatalagala/Library/TinyTeX/texmf-dist/tex/latex/wrapfig/wrapfig.s
ty
\wrapoverhang=\dimen173
\WF@size=\dimen174
\c@WF@wrappedlines=\count298
\WF@box=\box55
\WF@everypar=\toks30
Package: wrapfig 2003/01/31  v 3.6
)
(/Users/priyangatalagala/Library/TinyTeX/texmf-dist/tex/latex/floatrow/floatrow
.sty
Package: floatrow 2008/08/02 v0.3b floatrow: float package extension

(/Users/priyangatalagala/Library/TinyTeX/texmf-dist/tex/latex/caption/caption3.
sty
Package: caption3 2020/09/11 v2.0b caption3 kernel (AR)
\captionmargin=\dimen175
\captionmargin@=\dimen176
\captionwidth=\dimen177
\caption@tempdima=\dimen178
\caption@indent=\dimen179
\caption@parindent=\dimen180
\caption@hangindent=\dimen181
Package caption Info: Standard document class detected.
)
\c@float@type=\count299
\float@exts=\toks31
\float@box=\box56
\@floatcapt=\box57
Package floatrow Info: Modified float package code loaded on input line 455.
Package floatrow Info: Modified rotfloat package code loaded on input line 473.

\FR@everyfloat=\toks32
\flrow@foot=\insert252
\FB@wd=\dimen182
\FBo@wd=\dimen183
\FBc@wd=\dimen184
\FBo@ht=\skip70
\FBc@ht=\skip71
\FBf@ht=\skip72
\FBo@max=\skip73
\FBc@max=\skip74
\FBf@max=\skip75
\c@FBl@b=\count300
\floatbox@depth=\count301
\c@FRobj=\count302
\c@FRsobj=\count303
\Xhsize=\skip76
\sXhsize=\skip77
\Zhsize=\skip78
\sZhsize=\skip79
\flrow@rowbox=\box58
\FR@Zunitlength=\dimen185
\c@FBcnt=\count304
\FPOScnt=\count305
\LTleft=\skip80
\LTright=\skip81
\LTleft=\skip82
\LTright=\skip83
\flrow@types=\toks33
)
(/Users/priyangatalagala/Library/TinyTeX/texmf-dist/tex/latex/mathtools/mathtoo
ls.sty
Package: mathtools 2020/03/24 v1.24 mathematical typesetting tools
(/Users/priyangatalagala/Library/TinyTeX/texmf-dist/tex/latex/tools/calc.sty
Package: calc 2017/05/25 v4.3 Infix arithmetic (KKT,FJ)
\calc@Acount=\count306
\calc@Bcount=\count307
\calc@Adimen=\dimen186
\calc@Bdimen=\dimen187
\calc@Askip=\skip84
\calc@Bskip=\skip85
LaTeX Info: Redefining \setlength on input line 80.
LaTeX Info: Redefining \addtolength on input line 81.
\calc@Ccount=\count308
\calc@Cskip=\skip86
)
(/Users/priyangatalagala/Library/TinyTeX/texmf-dist/tex/latex/mathtools/mhsetup
.sty
Package: mhsetup 2017/03/31 v1.3 programming setup (MH)
)
LaTeX Info: Thecontrolsequence`\('isalreadyrobust on input line 130.
LaTeX Info: Thecontrolsequence`\)'isalreadyrobust on input line 130.
LaTeX Info: Thecontrolsequence`\['isalreadyrobust on input line 130.
LaTeX Info: Thecontrolsequence`\]'isalreadyrobust on input line 130.
\g_MT_multlinerow_int=\count309
\l_MT_multwidth_dim=\dimen188
\origjot=\skip87
\l_MT_shortvdotswithinadjustabove_dim=\dimen189
\l_MT_shortvdotswithinadjustbelow_dim=\dimen190
\l_MT_above_intertext_sep=\dimen191
\l_MT_below_intertext_sep=\dimen192
\l_MT_above_shortintertext_sep=\dimen193
\l_MT_below_shortintertext_sep=\dimen194
\xmathstrut@box=\box59
\xmathstrut@dim=\dimen195
)
(/Users/priyangatalagala/Library/TinyTeX/texmf-dist/tex/latex/pdflscape/pdflsca
pe.sty
Package: pdflscape 2019/12/05 v0.12 Display of landscape pages in PDF (HO)

(/Users/priyangatalagala/Library/TinyTeX/texmf-dist/tex/latex/graphics/lscape.s
ty
Package: lscape 2000/10/22 v3.01 Landscape Pages (DPC)
)
Package pdflscape Info: Auto-detected driver: dvipdfm (xetex) on input line 98.

)
(/Users/priyangatalagala/Library/TinyTeX/texmf-dist/tex/latex/natbib/natbib.sty
Package: natbib 2010/09/13 8.31b (PWD, AO)
\bibhang=\skip88
\bibsep=\skip89
LaTeX Info: Redefining \cite on input line 694.
\c@NAT@ctr=\count310
) (./bookdown-demo.aux)
\openout1 = `bookdown-demo.aux'.

LaTeX Font Info:    Checking defaults for OML/cmm/m/it on input line 136.
LaTeX Font Info:    ... okay on input line 136.
LaTeX Font Info:    Checking defaults for OMS/cmsy/m/n on input line 136.
LaTeX Font Info:    ... okay on input line 136.
LaTeX Font Info:    Checking defaults for OT1/cmr/m/n on input line 136.
LaTeX Font Info:    ... okay on input line 136.
LaTeX Font Info:    Checking defaults for T1/cmr/m/n on input line 136.
LaTeX Font Info:    ... okay on input line 136.
LaTeX Font Info:    Checking defaults for TS1/cmr/m/n on input line 136.
LaTeX Font Info:    ... okay on input line 136.
LaTeX Font Info:    Checking defaults for TU/lmr/m/n on input line 136.
LaTeX Font Info:    ... okay on input line 136.
LaTeX Font Info:    Checking defaults for OMX/cmex/m/n on input line 136.
LaTeX Font Info:    ... okay on input line 136.
LaTeX Font Info:    Checking defaults for U/cmr/m/n on input line 136.
LaTeX Font Info:    ... okay on input line 136.
LaTeX Font Info:    Checking defaults for PD1/pdf/m/n on input line 136.
LaTeX Font Info:    ... okay on input line 136.
LaTeX Font Info:    Checking defaults for PU/pdf/m/n on input line 136.
LaTeX Font Info:    ... okay on input line 136.
LaTeX Font Info:    Overwriting math alphabet `\mathrm' in version `normal'
(Font)                  OT1/lmr/m/n --> TU/lmr/m/n on input line 136.
LaTeX Font Info:    Overwriting math alphabet `\mathit' in version `normal'
(Font)                  OT1/lmr/m/it --> TU/lmr/m/it on input line 136.
LaTeX Font Info:    Overwriting math alphabet `\mathbf' in version `normal'
(Font)                  OT1/lmr/bx/n --> TU/lmr/bx/n on input line 136.
LaTeX Font Info:    Overwriting math alphabet `\mathsf' in version `normal'
(Font)                  OT1/lmss/m/n --> TU/lmss/m/n on input line 136.
LaTeX Font Info:    Overwriting math alphabet `\mathsf' in version `bold'
(Font)                  OT1/lmss/bx/n --> TU/lmss/bx/n on input line 136.
LaTeX Font Info:    Overwriting math alphabet `\mathtt' in version `normal'
(Font)                  OT1/lmtt/m/n --> TU/lmtt/m/n on input line 136.
LaTeX Font Info:    Overwriting math alphabet `\mathtt' in version `bold'
(Font)                  OT1/lmtt/m/n --> TU/lmtt/bx/n on input line 136.

Package fontspec Info: latinmodern-math scale = 0.9999964596882403.


Package fontspec Info: latinmodern-math scale = 0.9999964596882403.


Package fontspec Info: latinmodern-math scale = 0.9999964596882403.


Package fontspec Info: Font family 'latinmodern-math.otf(0)' created for font
(fontspec)             'latinmodern-math.otf' with options
(fontspec)             [Ligatures=TeX,Scale=MatchLowercase,BoldItalicFont={},It
alicFont={},SmallCapsFont={},Script=Math,BoldFont={latinmodern-math.otf}].
(fontspec)              
(fontspec)              This font family consists of the following NFSS
(fontspec)             series/shapes:
(fontspec)              
(fontspec)             - 'normal' (m/n) with NFSS spec.:
(fontspec)             <->s*[0.9999964596882403]"[latinmodern-math.otf]/OT:scri
pt=math;language=dflt;mapping=tex-text;"
(fontspec)             - 'small caps'  (m/sc) with NFSS spec.: 
(fontspec)             - 'bold' (b/n) with NFSS spec.:
(fontspec)             <->s*[0.9999964596882403]"[latinmodern-math.otf]/OT:scri
pt=math;language=dflt;mapping=tex-text;"
(fontspec)             - 'bold small caps'  (b/sc) with NFSS spec.: 

LaTeX Font Info:    Font shape `TU/latinmodern-math.otf(0)/m/n' will be
(Font)              scaled to size 10.0pt on input line 136.

Package fontspec Info: latinmodern-math scale = 0.9999964596882403.


Package fontspec Info: latinmodern-math scale = 0.9999964596882403.


Package fontspec Info: latinmodern-math scale = 0.9999964596882403.


Package fontspec Info: latinmodern-math scale = 0.9999964596882403.


Package fontspec Info: latinmodern-math scale = 0.9999964596882403.


Package fontspec Info: Font family 'latinmodern-math.otf(1)' created for font
(fontspec)             'latinmodern-math.otf' with options
(fontspec)             [Ligatures=TeX,Scale=MatchLowercase,BoldItalicFont={},It
alicFont={},SmallCapsFont={},Script=Math,SizeFeatures={{Size=8.5-},{Size=6-8.5,
Font=latinmodern-math.otf,Style=MathScript},{Size=-6,Font=latinmodern-math.otf,
Style=MathScriptScript}},BoldFont={latinmodern-math.otf}].
(fontspec)              
(fontspec)              This font family consists of the following NFSS
(fontspec)             series/shapes:
(fontspec)              
(fontspec)             - 'normal' (m/n) with NFSS spec.:
(fontspec)             <8.5->s*[0.9999964596882403]"[latinmodern-math.otf]/OT:s
cript=math;language=dflt;mapping=tex-text;"<6-8.5>s*[0.9999964596882403]"[latin
modern-math.otf]/OT:script=math;language=dflt;+ssty=0;mapping=tex-text;"<-6>s*[
0.9999964596882403]"[latinmodern-math.otf]/OT:script=math;language=dflt;+ssty=1
;mapping=tex-text;"
(fontspec)             - 'small caps'  (m/sc) with NFSS spec.: 
(fontspec)             - 'bold' (b/n) with NFSS spec.:
(fontspec)             <->s*[0.9999964596882403]"[latinmodern-math.otf]/OT:scri
pt=math;language=dflt;mapping=tex-text;"
(fontspec)             - 'bold small caps'  (b/sc) with NFSS spec.: 

LaTeX Font Info:    Font shape `TU/latinmodern-math.otf(1)/m/n' will be
(Font)              scaled to size 10.0pt on input line 136.
LaTeX Font Info:    Encoding `OT1' has changed to `TU' for symbol font
(Font)              `operators' in the math version `normal' on input line 136.

LaTeX Font Info:    Overwriting symbol font `operators' in version `normal'
(Font)                  OT1/lmr/m/n --> TU/latinmodern-math.otf(1)/m/n on input
 line 136.
LaTeX Font Info:    Encoding `OT1' has changed to `TU' for symbol font
(Font)              `operators' in the math version `bold' on input line 136.
LaTeX Font Info:    Overwriting symbol font `operators' in version `bold'
(Font)                  OT1/lmr/bx/n --> TU/latinmodern-math.otf(1)/b/n on inpu
t line 136.

Package fontspec Info: latinmodern-math scale = 0.9999964596882403.


Package fontspec Info: latinmodern-math scale = 1.000096459334209.


Package fontspec Info: latinmodern-math scale = 0.9999964596882403.


Package fontspec Info: latinmodern-math scale = 1.000096459334209.


Package fontspec Info: latinmodern-math scale = 0.9999964596882403.


Package fontspec Info: latinmodern-math scale = 1.000096459334209.


Package fontspec Info: latinmodern-math scale = 0.9999964596882403.


Package fontspec Info: latinmodern-math scale = 1.000096459334209.


Package fontspec Info: latinmodern-math scale = 0.9999964596882403.


Package fontspec Info: latinmodern-math scale = 1.000096459334209.


Package fontspec Info: Font family 'latinmodern-math.otf(2)' created for font
(fontspec)             'latinmodern-math.otf' with options
(fontspec)             [Ligatures=TeX,Scale=MatchLowercase,BoldItalicFont={},It
alicFont={},SmallCapsFont={},Script=Math,SizeFeatures={{Size=8.5-},{Size=6-8.5,
Font=latinmodern-math.otf,Style=MathScript},{Size=-6,Font=latinmodern-math.otf,
Style=MathScriptScript}},BoldFont={latinmodern-math.otf},ScaleAgain=1.0001,Font
Adjustment={\fontdimen
(fontspec)             8\font =6.77pt\relax \fontdimen 9\font =3.94pt\relax
(fontspec)             \fontdimen 10\font =4.44pt\relax \fontdimen 11\font
(fontspec)             =6.86pt\relax \fontdimen 12\font =3.45pt\relax
(fontspec)             \fontdimen 13\font =3.63pt\relax \fontdimen 14\font
(fontspec)             =3.63pt\relax \fontdimen 15\font =2.89pt\relax
(fontspec)             \fontdimen 16\font =2.47pt\relax \fontdimen 17\font
(fontspec)             =2.47pt\relax \fontdimen 18\font =2.5pt\relax
(fontspec)             \fontdimen 19\font =2.0pt\relax \fontdimen 22\font
(fontspec)             =2.5pt\relax \fontdimen 20\font =0pt\relax \fontdimen
(fontspec)             21\font =0pt\relax }].
(fontspec)              
(fontspec)              This font family consists of the following NFSS
(fontspec)             series/shapes:
(fontspec)              
(fontspec)             - 'normal' (m/n) with NFSS spec.:
(fontspec)             <8.5->s*[1.000096459334209]"[latinmodern-math.otf]/OT:sc
ript=math;language=dflt;mapping=tex-text;"<6-8.5>s*[1.000096459334209]"[latinmo
dern-math.otf]/OT:script=math;language=dflt;+ssty=0;mapping=tex-text;"<-6>s*[1.
000096459334209]"[latinmodern-math.otf]/OT:script=math;language=dflt;+ssty=1;ma
pping=tex-text;"
(fontspec)             - 'small caps'  (m/sc) with NFSS spec.: 
(fontspec)             and font adjustment code:
(fontspec)             \fontdimen 8\font =6.77pt\relax \fontdimen 9\font
(fontspec)             =3.94pt\relax \fontdimen 10\font =4.44pt\relax
(fontspec)             \fontdimen 11\font =6.86pt\relax \fontdimen 12\font
(fontspec)             =3.45pt\relax \fontdimen 13\font =3.63pt\relax
(fontspec)             \fontdimen 14\font =3.63pt\relax \fontdimen 15\font
(fontspec)             =2.89pt\relax \fontdimen 16\font =2.47pt\relax
(fontspec)             \fontdimen 17\font =2.47pt\relax \fontdimen 18\font
(fontspec)             =2.5pt\relax \fontdimen 19\font =2.0pt\relax \fontdimen
(fontspec)             22\font =2.5pt\relax \fontdimen 20\font =0pt\relax
(fontspec)             \fontdimen 21\font =0pt\relax 
(fontspec)             - 'bold' (b/n) with NFSS spec.:
(fontspec)             <->s*[1.000096459334209]"[latinmodern-math.otf]/OT:scrip
t=math;language=dflt;mapping=tex-text;"
(fontspec)             - 'bold small caps'  (b/sc) with NFSS spec.: 
(fontspec)             and font adjustment code:
(fontspec)             \fontdimen 8\font =6.77pt\relax \fontdimen 9\font
(fontspec)             =3.94pt\relax \fontdimen 10\font =4.44pt\relax
(fontspec)             \fontdimen 11\font =6.86pt\relax \fontdimen 12\font
(fontspec)             =3.45pt\relax \fontdimen 13\font =3.63pt\relax
(fontspec)             \fontdimen 14\font =3.63pt\relax \fontdimen 15\font
(fontspec)             =2.89pt\relax \fontdimen 16\font =2.47pt\relax
(fontspec)             \fontdimen 17\font =2.47pt\relax \fontdimen 18\font
(fontspec)             =2.5pt\relax \fontdimen 19\font =2.0pt\relax \fontdimen
(fontspec)             22\font =2.5pt\relax \fontdimen 20\font =0pt\relax
(fontspec)             \fontdimen 21\font =0pt\relax 

LaTeX Font Info:    Encoding `OMS' has changed to `TU' for symbol font
(Font)              `symbols' in the math version `normal' on input line 136.
LaTeX Font Info:    Overwriting symbol font `symbols' in version `normal'
(Font)                  OMS/lmsy/m/n --> TU/latinmodern-math.otf(2)/m/n on inpu
t line 136.
LaTeX Font Info:    Encoding `OMS' has changed to `TU' for symbol font
(Font)              `symbols' in the math version `bold' on input line 136.
LaTeX Font Info:    Overwriting symbol font `symbols' in version `bold'
(Font)                  OMS/lmsy/b/n --> TU/latinmodern-math.otf(2)/b/n on inpu
t line 136.

Package fontspec Info: latinmodern-math scale = 0.9999964596882403.


Package fontspec Info: latinmodern-math scale = 0.9998964600422715.


Package fontspec Info: latinmodern-math scale = 0.9999964596882403.


Package fontspec Info: latinmodern-math scale = 0.9998964600422715.


Package fontspec Info: latinmodern-math scale = 0.9999964596882403.


Package fontspec Info: latinmodern-math scale = 0.9998964600422715.


Package fontspec Info: latinmodern-math scale = 0.9999964596882403.


Package fontspec Info: latinmodern-math scale = 0.9998964600422715.


Package fontspec Info: latinmodern-math scale = 0.9999964596882403.


Package fontspec Info: latinmodern-math scale = 0.9998964600422715.


Package fontspec Info: Font family 'latinmodern-math.otf(3)' created for font
(fontspec)             'latinmodern-math.otf' with options
(fontspec)             [Ligatures=TeX,Scale=MatchLowercase,BoldItalicFont={},It
alicFont={},SmallCapsFont={},Script=Math,SizeFeatures={{Size=8.5-},{Size=6-8.5,
Font=latinmodern-math.otf,Style=MathScript},{Size=-6,Font=latinmodern-math.otf,
Style=MathScriptScript}},BoldFont={latinmodern-math.otf},ScaleAgain=0.9999,Font
Adjustment={\fontdimen
(fontspec)             8\font =0.4pt\relax \fontdimen 9\font =2.0pt\relax
(fontspec)             \fontdimen 10\font =1.67pt\relax \fontdimen 11\font
(fontspec)             =1.11pt\relax \fontdimen 12\font =6.0pt\relax
(fontspec)             \fontdimen 13\font =0pt\relax }].
(fontspec)              
(fontspec)              This font family consists of the following NFSS
(fontspec)             series/shapes:
(fontspec)              
(fontspec)             - 'normal' (m/n) with NFSS spec.:
(fontspec)             <8.5->s*[0.9998964600422715]"[latinmodern-math.otf]/OT:s
cript=math;language=dflt;mapping=tex-text;"<6-8.5>s*[0.9998964600422715]"[latin
modern-math.otf]/OT:script=math;language=dflt;+ssty=0;mapping=tex-text;"<-6>s*[
0.9998964600422715]"[latinmodern-math.otf]/OT:script=math;language=dflt;+ssty=1
;mapping=tex-text;"
(fontspec)             - 'small caps'  (m/sc) with NFSS spec.: 
(fontspec)             and font adjustment code:
(fontspec)             \fontdimen 8\font =0.4pt\relax \fontdimen 9\font
(fontspec)             =2.0pt\relax \fontdimen 10\font =1.67pt\relax
(fontspec)             \fontdimen 11\font =1.11pt\relax \fontdimen 12\font
(fontspec)             =6.0pt\relax \fontdimen 13\font =0pt\relax 
(fontspec)             - 'bold' (b/n) with NFSS spec.:
(fontspec)             <->s*[0.9998964600422715]"[latinmodern-math.otf]/OT:scri
pt=math;language=dflt;mapping=tex-text;"
(fontspec)             - 'bold small caps'  (b/sc) with NFSS spec.: 
(fontspec)             and font adjustment code:
(fontspec)             \fontdimen 8\font =0.4pt\relax \fontdimen 9\font
(fontspec)             =2.0pt\relax \fontdimen 10\font =1.67pt\relax
(fontspec)             \fontdimen 11\font =1.11pt\relax \fontdimen 12\font
(fontspec)             =6.0pt\relax \fontdimen 13\font =0pt\relax 

LaTeX Font Info:    Encoding `OMX' has changed to `TU' for symbol font
(Font)              `largesymbols' in the math version `normal' on input line 1
36.
LaTeX Font Info:    Overwriting symbol font `largesymbols' in version `normal'
(Font)                  OMX/lmex/m/n --> TU/latinmodern-math.otf(3)/m/n on inpu
t line 136.
LaTeX Font Info:    Encoding `OMX' has changed to `TU' for symbol font
(Font)              `largesymbols' in the math version `bold' on input line 136
.
LaTeX Font Info:    Overwriting symbol font `largesymbols' in version `bold'
(Font)                  OMX/lmex/m/n --> TU/latinmodern-math.otf(3)/b/n on inpu
t line 136.

Package unicode-math Warning: Using \overbracket and \underbracket from
(unicode-math)                `mathtools' package.
(unicode-math)                 
(unicode-math)                 Use \Uoverbracket and \Uunderbracket for
(unicode-math)                original `unicode-math' definition.


Package unicode-math Warning: I'm going to overwrite the following commands
(unicode-math)                from the `mathtools' package: 
(unicode-math)                 
(unicode-math)                     \dblcolon, \coloneqq, \Coloneqq, \eqqcolon.
(unicode-math)                
(unicode-math)                 
(unicode-math)                 Note that since I won't overwrite the other
(unicode-math)                colon-like commands, using them will lead to
(unicode-math)                inconsistencies.

LaTeX Info: Redefining \microtypecontext on input line 136.
Package microtype Info: Character protrusion enabled (level 2).
Package microtype Info: Using protrusion set `basicmath'.
Package microtype Info: No adjustment of tracking.
Package microtype Info: No adjustment of spacing.
Package microtype Info: No adjustment of kerning.

(/Users/priyangatalagala/Library/TinyTeX/texmf-dist/tex/latex/microtype/mt-Lati
nModernRoman.cfg
File: mt-LatinModernRoman.cfg 2013/03/13 v1.0 microtype config. file: Latin Mod
ern Roman (RS)
)
\AtBeginShipoutBox=\box60
Package hyperref Info: Link coloring OFF on input line 136.

(/Users/priyangatalagala/Library/TinyTeX/texmf-dist/tex/latex/hyperref/nameref.
sty
Package: nameref 2019/09/16 v2.46 Cross-referencing by name of section

(/Users/priyangatalagala/Library/TinyTeX/texmf-dist/tex/latex/refcount/refcount
.sty
Package: refcount 2019/12/15 v3.6 Data extraction from label references (HO)
)
(/Users/priyangatalagala/Library/TinyTeX/texmf-dist/tex/generic/gettitlestring/
gettitlestring.sty
Package: gettitlestring 2019/12/15 v1.6 Cleanup title references (HO)
)
\c@section@level=\count311
)
LaTeX Info: Redefining \ref on input line 136.
LaTeX Info: Redefining \pageref on input line 136.
LaTeX Info: Redefining \nameref on input line 136.
(./bookdown-demo.out) (./bookdown-demo.out)
\@outlinefile=\write4
\openout4 = `bookdown-demo.out'.

Package caption Info: Begin \AtBeginDocument code.
Package caption Info: floatrow package v0.3b is loaded.
Package caption Info: End \AtBeginDocument code.

(/Users/priyangatalagala/Library/TinyTeX/texmf-dist/tex/latex/floatrow/fr-longt
able.sty
Package: fr-longtable 2007/11/28 v0.1b (beta) floatrow: additions for longtable

\flrow@LT@lasthead=\box61
\flrow@LT@prelastfoot=\box62
\c@FBLTpage=\count312
)
LaTeX Font Info:    Font shape `TU/latinmodern-math.otf(1)/m/n' will be
(Font)              scaled to size 12.0pt on input line 138.
LaTeX Font Info:    Font shape `TU/latinmodern-math.otf(1)/m/n' will be
(Font)              scaled to size 8.0pt on input line 138.
LaTeX Font Info:    Font shape `TU/latinmodern-math.otf(1)/m/n' will be
(Font)              scaled to size 6.0pt on input line 138.
LaTeX Font Info:    Trying to load font information for OML+lmm on input line 1
38.
(/Users/priyangatalagala/Library/TinyTeX/texmf-dist/tex/latex/lm/omllmm.fd
File: omllmm.fd 2009/10/30 v1.6 Font defs for Latin Modern
)
LaTeX Font Info:    Font shape `TU/latinmodern-math.otf(2)/m/n' will be
(Font)              scaled to size 12.0011pt on input line 138.
LaTeX Font Info:    Font shape `TU/latinmodern-math.otf(2)/m/n' will be
(Font)              scaled to size 8.00073pt on input line 138.
LaTeX Font Info:    Font shape `TU/latinmodern-math.otf(2)/m/n' will be
(Font)              scaled to size 6.00055pt on input line 138.
LaTeX Font Info:    Font shape `TU/latinmodern-math.otf(3)/m/n' will be
(Font)              scaled to size 11.99872pt on input line 138.
LaTeX Font Info:    Font shape `TU/latinmodern-math.otf(3)/m/n' will be
(Font)              scaled to size 7.99915pt on input line 138.
LaTeX Font Info:    Font shape `TU/latinmodern-math.otf(3)/m/n' will be
(Font)              scaled to size 5.99936pt on input line 138.
LaTeX Font Info:    Trying to load font information for U+msa on input line 138
.
(/Users/priyangatalagala/Library/TinyTeX/texmf-dist/tex/latex/amsfonts/umsa.fd
File: umsa.fd 2013/01/14 v3.01 AMS symbols A
)
(/Users/priyangatalagala/Library/TinyTeX/texmf-dist/tex/latex/microtype/mt-msa.
cfg
File: mt-msa.cfg 2006/02/04 v1.1 microtype config. file: AMS symbols (a) (RS)
)
LaTeX Font Info:    Trying to load font information for U+msb on input line 138
.
(/Users/priyangatalagala/Library/TinyTeX/texmf-dist/tex/latex/amsfonts/umsb.fd
File: umsb.fd 2013/01/14 v3.01 AMS symbols B
)
(/Users/priyangatalagala/Library/TinyTeX/texmf-dist/tex/latex/microtype/mt-msb.
cfg
File: mt-msb.cfg 2005/06/01 v1.0 microtype config. file: AMS symbols (b) (RS)
) [1


] [2

] (./bookdown-demo.toc
LaTeX Font Info:    Font shape `TU/latinmodern-math.otf(1)/m/n' will be
(Font)              scaled to size 7.0pt on input line 2.
LaTeX Font Info:    Font shape `TU/latinmodern-math.otf(1)/m/n' will be
(Font)              scaled to size 5.0pt on input line 2.
LaTeX Font Info:    Font shape `TU/latinmodern-math.otf(2)/m/n' will be
(Font)              scaled to size 10.00092pt on input line 2.
LaTeX Font Info:    Font shape `TU/latinmodern-math.otf(2)/m/n' will be
(Font)              scaled to size 7.00064pt on input line 2.
LaTeX Font Info:    Font shape `TU/latinmodern-math.otf(2)/m/n' will be
(Font)              scaled to size 5.00046pt on input line 2.
LaTeX Font Info:    Font shape `TU/latinmodern-math.otf(3)/m/n' will be
(Font)              scaled to size 9.99893pt on input line 2.
LaTeX Font Info:    Font shape `TU/latinmodern-math.otf(3)/m/n' will be
(Font)              scaled to size 6.99925pt on input line 2.
LaTeX Font Info:    Font shape `TU/latinmodern-math.otf(3)/m/n' will be
(Font)              scaled to size 4.99947pt on input line 2.
[3])
\tf@toc=\write5
\openout5 = `bookdown-demo.toc'.

[4] [5

] [6]
Chapter 1.
File: figure/Axioms.png Graphic file (type bmp)
<figure/Axioms.png>
[1

] [2]
File: figure/Ch1_F1.png Graphic file (type bmp)
<figure/Ch1_F1.png>
[3]
File: figure/Ch1box1-1.png Graphic file (type bmp)
<figure/Ch1box1-1.png>
[4]
File: figure/Ch1box2-1.png Graphic file (type bmp)
<figure/Ch1box2-1.png>
[5]
File: figure/Ch1box3-1.png Graphic file (type bmp)
<figure/Ch1box3-1.png>
[6]
File: figure/Ch1box4-1.png Graphic file (type bmp)
<figure/Ch1box4-1.png>
[7]
File: figure/Ch1box5-1.png Graphic file (type bmp)
<figure/Ch1box5-1.png>

Underfull \vbox (badness 10000) has occurred while \output is active []

[8]
File: figure/Ch1box6-1.png Graphic file (type bmp)
<figure/Ch1box6-1.png>

Underfull \vbox (badness 10000) has occurred while \output is active []

[9]
File: figure/Ch1box7-1.png Graphic file (type bmp)
<figure/Ch1box7-1.png>

Underfull \vbox (badness 10000) has occurred while \output is active []

[10] [11]
Overfull \hbox (38.29453pt too wide) in alignment at lines 580--584
[] [] [] [] []
 []


Overfull \hbox (38.29453pt too wide) in alignment at lines 584--591
[] [] [] [] []
 []

File: figure/hist-1.png Graphic file (type bmp)
<figure/hist-1.png>

Underfull \vbox (badness 10000) has occurred while \output is active []

[12] [13]
File: figure/hist2-1.png Graphic file (type bmp)
<figure/hist2-1.png>

Overfull \hbox (30.83711pt too wide) detected at line 672
[][][] [] [] [] [][] [] [][][] [] [] [] [][] [] [][][] [] [] [] [][] [] [][][] 
[] [] [] [][] [] [][] [][][][][][][]
 []

[14] [15]
Underfull \hbox (badness 10000) in alignment at lines 726--730
[] [] [] [] [] [] [] []
 []


Underfull \hbox (badness 10000) in alignment at lines 730--733
[] [] [] [] [] [] [] []
 []

File: figure/Ch1box8-1.png Graphic file (type bmp)
<figure/Ch1box8-1.png>
File: figure/Ch1box9-1.png Graphic file (type bmp)
<figure/Ch1box9-1.png>
File: figure/Ch1box10-1.png Graphic file (type bmp)
<figure/Ch1box10-1.png>
[16]
File: figure/Ch1box11-1.png Graphic file (type bmp)
<figure/Ch1box11-1.png>
[17]
File: figure/Ch1box12-1.png Graphic file (type bmp)
<figure/Ch1box12-1.png>
File: figure/Ch1box13-1.png Graphic file (type bmp)
<figure/Ch1box13-1.png>

Underfull \vbox (badness 1178) has occurred while \output is active []

[18] [19] [20]
Overfull \hbox (16.11282pt too wide) detected at line 843
[][][][][][][][][] [] []
 []

[21]
File: figure/Ch1box15-1.png Graphic file (type bmp)
<figure/Ch1box15-1.png>
[22] [23]
File: figure/Ch1box16-1.png Graphic file (type bmp)
<figure/Ch1box16-1.png>

Overfull \hbox (59.06383pt too wide) detected at line 974
[][][][][][][][] [] []
 []

[24]
File: figure/Ch1box14-1.png Graphic file (type bmp)
<figure/Ch1box14-1.png>
[25] [26]

Package amsmath Warning: Foreign command \atopwithdelims;
(amsmath)                \frac or \genfrac should be used instead
(amsmath)                 on input line 1094.

[27] [28] [29] [30]
File: figure/unif-1.png Graphic file (type bmp)
<figure/unif-1.png>
[31]
File: figure/norm-1.png Graphic file (type bmp)
<figure/norm-1.png>
File: figure/norm2-1.png Graphic file (type bmp)
<figure/norm2-1.png>
[32] [33]
Underfull \hbox (badness 10000) in alignment at lines 1366--1370
[] [] []
 []


Underfull \hbox (badness 10000) in alignment at lines 1370--1382
[] [] []
 []

[34] [35]
File: figure/ztable.png Graphic file (type bmp)
<figure/ztable.png>
[36]
File: figure/norm3-1.png Graphic file (type bmp)
<figure/norm3-1.png>
[37] [38]
File: figure/Ch1box17-1.png Graphic file (type bmp)
<figure/Ch1box17-1.png>

Underfull \hbox (badness 10000) in alignment at lines 1471--1475
[] [] [] [] []
 []


Underfull \hbox (badness 10000) in alignment at lines 1475--1496
[] [] [] [] []
 []


Underfull \hbox (badness 10000) in alignment at lines 1496--1497
[] [] [] [] []
 []

[39]
Underfull \hbox (badness 10000) in alignment at lines 1503--1507
[] [] [] [] []
 []


Underfull \hbox (badness 10000) in alignment at lines 1507--1524
[] [] [] [] []
 []

File: figure/norm4-1.png Graphic file (type bmp)
<figure/norm4-1.png>

Underfull \vbox (badness 10000) has occurred while \output is active []

[40] [41]
File: figure/gamma-1.png Graphic file (type bmp)
<figure/gamma-1.png>
[42]
File: figure/exp-1.png Graphic file (type bmp)
<figure/exp-1.png>
[43]
File: figure/beta-1.png Graphic file (type bmp)
<figure/beta-1.png>
[44] [45] [46]
Underfull \hbox (badness 6608) in paragraph at lines 1841--1842
[]\TU/lmr/m/n/10 Suppose that $[][][] [][][] [] [] [][]$ are independent random
 variables with
 []


Underfull \hbox (badness 6608) in paragraph at lines 1865--1866
[]\TU/lmr/m/n/10 Suppose that $[][][] [][][] [] [] [][]$ are independent random
 variables with
 []


Package Fancyhdr Warning: \headheight is too small (12.0pt): 
Make it at least 22.76004pt.
We now make it that large for the rest of the document.
This may cause the page layout to be inconsistent, however.

[47]
Underfull \hbox (badness 6608) in paragraph at lines 1889--1890
[]\TU/lmr/m/n/10 Suppose that $[][][] [][][] [] [] [][]$ are independent random
 variables with
 []

[48] [49]
Underfull \hbox (badness 10000) in alignment at lines 1969--1973
[] [] [] [] [] [] []
 []


Underfull \hbox (badness 10000) in alignment at lines 1973--1976
[] [] [] [] [] [] []
 []


Underfull \hbox (badness 10000) in alignment at lines 1997--2001
[] [] [] [] [] [] []
 []


Underfull \hbox (badness 10000) in alignment at lines 2001--2004
[] [] [] [] [] [] []
 []

[1]
Underfull \hbox (badness 10000) in paragraph at lines 2060--2062

 []


Underfull \hbox (badness 10000) in alignment at lines 2104--2108
[] [] [] [] [] [] [] []
 []


Underfull \hbox (badness 10000) in alignment at lines 2108--2111
[] [] [] [] [] [] [] []
 []


Underfull \vbox (badness 10000) has occurred while \output is active []

[2] [3] [4] [5] [6]
Underfull \hbox (badness 10000) in alignment at lines 2387--2405
[] [] [] [] [] [] []
 []


Overfull \hbox (14.21664pt too wide) in paragraph at lines 2482--2483
[]\TU/lmr/m/n/10 Hypergeometric|  
 []


Overfull \hbox (36.23643pt too wide) in paragraph at lines 2494--2495
[]$[][] [] []$|  
 []


Underfull \hbox (badness 10000) in alignment at lines 2405--2512
[] [] [] [] [] [] []
 []

[1

]
Underfull \hbox (badness 10000) in alignment at lines 2516--2532
[] [] [] [] [] []
 []


Overfull \hbox (13.15901pt too wide) in paragraph at lines 2596--2597
[]$[]$|  
 []


Underfull \hbox (badness 10000) in alignment at lines 2532--2599
[] [] [] [] [] []
 []

[2]
Chapter 2.
File: figure/Ch2box1-1.png Graphic file (type bmp)
<figure/Ch2box1-1.png>
[1


]
Overfull \hbox (1.50322pt too wide) in alignment at lines 2657--2669
[] [] [] []
 []


Overfull \hbox (1.50322pt too wide) in alignment at lines 2669--2689
[] [] [] []
 []


Underfull \vbox (badness 10000) has occurred while \output is active []

[2]
Underfull \hbox (badness 10000) in alignment at lines 2735--2739
[] []
 []


Underfull \hbox (badness 10000) in alignment at lines 2739--2745
[] []
 []

[3] [4]
File: figure/Ch2box2-1.png Graphic file (type bmp)
<figure/Ch2box2-1.png>
File: figure/joint-1.png Graphic file (type bmp)
<figure/joint-1.png>
[5] [6] [7] [8] [9] [10]
Underfull \hbox (badness 3907) in paragraph at lines 3009--3010
[]\TU/lmr/m/n/10 Suppose that $[][][] [][][] [] [] [][]$ is a realization of $[
][][] [][][] [] [] [][]$ and let
 []

[11] [12]
Overfull \hbox (4.87936pt too wide) in paragraph at lines 3071--3072
[]$[][][][] [][][][] [][][][] [][][] [][][] [][][][] [][][][] [][][] [][][][] [
][][][] [][][][] [][][] [][][][] [][][][] [][][][] [][][][] [][][] [][][][] [][
][] [][]$ 
 []

[1] [2]
Chapter 3.
[3

] [4]
File: figure/Ch3box2-1.png Graphic file (type bmp)
<figure/Ch3box2-1.png>
File: figure/Ch3box3-1.png Graphic file (type bmp)
<figure/Ch3box3-1.png>
[5]
File: figure/Ch3box4-1.png Graphic file (type bmp)
<figure/Ch3box4-1.png>

LaTeX Warning: `h' float specifier changed to `ht'.

[6]
Underfull \hbox (badness 10000) in alignment at lines 3381--3385
[] [] []
 []


Underfull \hbox (badness 10000) in alignment at lines 3385--3391
[] [] []
 []

[7] [8] [9] [10] [11] [12] [13] [14]
Underfull \hbox (badness 10000) in alignment at lines 3585--3599
[] [] [] [] []
 []


Underfull \hbox (badness 10000) in alignment at lines 3599--3678
[] [] [] [] []
 []

[15

]
File: figure/ztable.png Graphic file (type bmp)
<figure/ztable.png>
[16

]
File: figure/ttable.jpg Graphic file (type bmp)
<figure/ttable.jpg>
[17]
File: figure/chisquaretable.jpg Graphic file (type bmp)
<figure/chisquaretable.jpg>
[18] [1] [2]
Underfull \hbox (badness 10000) in paragraph at lines 3824--3828

 []


Underfull \hbox (badness 10000) in alignment at lines 3837--3841
[] []
 []


Underfull \hbox (badness 10000) in alignment at lines 3841--3846
[] []
 []

[3] [4]
Chapter 4.
[1

]
Overfull \hbox (55.96489pt too wide) in alignment at lines 3978--3982
[] [] [] []
 []


Overfull \hbox (55.96489pt too wide) in alignment at lines 3982--3989
[] [] [] []
 []

[2]
Underfull \hbox (badness 10000) in alignment at lines 3999--4003
[] [] [] [] []
 []


Underfull \hbox (badness 10000) in alignment at lines 4003--4012
[] [] [] [] []
 []

[3]
Overfull \hbox (55.96489pt too wide) in alignment at lines 4098--4102
[] [] [] []
 []


Overfull \hbox (55.96489pt too wide) in alignment at lines 4102--4109
[] [] [] []
 []

[4]
LaTeX Font Info:    Font shape `TU/lmtt/bx/n' in size <10> not available
(Font)              Font shape `TU/lmtt/b/n' tried instead on input line 4128.
[5]
File: figure/unnamed-chunk-10-1.png Graphic file (type bmp)
<figure/unnamed-chunk-10-1.png>

Underfull \vbox (badness 2384) has occurred while \output is active []

[6] [7]
File: figure/chisquaretable.jpg Graphic file (type bmp)
<figure/chisquaretable.jpg>
[8]
Underfull \hbox (badness 10000) in alignment at lines 4269--4273
[] [] [] []
 []


Underfull \hbox (badness 10000) in alignment at lines 4273--4279
[] [] [] []
 []


Underfull \hbox (badness 10000) in alignment at lines 4289--4293
[] [] [] [] [] []
 []


Underfull \hbox (badness 10000) in alignment at lines 4293--4299
[] [] [] [] [] []
 []


Underfull \hbox (badness 10000) in alignment at lines 4309--4313
[] [] [] [] [] []
 []


Underfull \hbox (badness 10000) in alignment at lines 4313--4319
[] [] [] [] [] []
 []


Overfull \vbox (9.41577pt too high) has occurred while \output is active []

[1] [2]
Chapter 5.
[1

] [2] [3]
File: figure/unnamed-chunk-14-1.png Graphic file (type bmp)
<figure/unnamed-chunk-14-1.png>
[4] [5]
File: figure/unnamed-chunk-16-1.png Graphic file (type bmp)
<figure/unnamed-chunk-16-1.png>

Underfull \vbox (badness 10000) has occurred while \output is active []

[6]
No file bookdown-demo.bbl.
Package atveryend Info: Empty hook `BeforeClearDocument' on input line 4682.
[7]
Package atveryend Info: Empty hook `AfterLastShipout' on input line 4682.
(./bookdown-demo.aux)
Package atveryend Info: Empty hook `AtVeryEndDocument' on input line 4682.
Package atveryend Info: Executing hook `AtEndAfterFileList' on input line 4682.

Package rerunfilecheck Info: File `bookdown-demo.out' has not changed.
(rerunfilecheck)             Checksum: EF25AE81E6C9698ADE51CD6B0D1A8C8B;8493.
Package atveryend Info: Empty hook `AtVeryVeryEnd' on input line 4682.
 ) 
Here is how much of TeX's memory you used:
 20799 strings out of 481674
 378462 string characters out of 5929300
 828707 words of memory out of 5000000
 37551 multiletter control sequences out of 15000+600000
 541603 words of font info for 90 fonts, out of 8000000 for 9000
 14 hyphenation exceptions out of 8191
 58i,12n,118p,995b,522s stack positions out of 5000i,500n,10000p,200000b,80000s

Output written on bookdown-demo.pdf (114 pages).
